#
# A fatal error has been detected by the Java Runtime Environment:
#
#  EXCEPTION_ACCESS_VIOLATION (0xc0000005) at pc=0x000000007244a6a5, pid=7724, tid=6800
#
# JRE version: Java(TM) SE Runtime Environment (8.0_31-b13) (build 1.8.0_31-b13)
# Java VM: Java HotSpot(TM) 64-Bit Server VM (25.31-b07 mixed mode windows-amd64 compressed oops)
# Problematic frame:
# V  [jvm.dll+0x11a6a5]
#
# Failed to write core dump. Minidumps are not enabled by default on client versions of Windows
#
# If you would like to submit a bug report, please visit:
#   http://bugreport.java.com/bugreport/crash.jsp
#

---------------  T H R E A D  ---------------

Current thread (0x00000000587d3800):  JavaThread "JDWP Transport Listener: dt_socket" daemon [_thread_in_vm, id=6800, stack(0x0000000059df0000,0x0000000059ef0000)]

siginfo: ExceptionCode=0xc0000005, reading address 0x00003b656c003b74

Registers:
RAX=0x0000000059eef601, RBX=0x00000000587d3800, RCX=0x00003b656c003b74, RDX=0x0000000000000000
RSP=0x0000000059eef680, RBP=0x00003b656c003b74, RSI=0x0000000059eef798, RDI=0x0000000001e09d30
R8 =0x00000000587d3800, R9 =0x0000000000000700, R10=0x0000000000000000, R11=0x000000aa00060001
R12=0x0000000000000000, R13=0x00000000587ccbe8, R14=0x0000000000000000, R15=0x0000000000000000
RIP=0x000000007244a6a5, EFLAGS=0x0000000000010206

Top of Stack: (sp=0x0000000059eef680)
0x0000000059eef680:   00000000587d3800 00000000587d3800
0x0000000059eef690:   0000000059eef748 0000000072647c1b
0x0000000059eef6a0:   00000000587d3800 000000007266447d
0x0000000059eef6b0:   0000000000000000 000000006b869149
0x0000000059eef6c0:   0000000057710498 000000006b872912
0x0000000059eef6d0:   00000000587d3800 0000000000000000
0x0000000059eef6e0:   0000000000000000 0000000000000000
0x0000000059eef6f0:   00003b656c003b74 000000006b871a09
0x0000000059eef700:   0000000059eef798 0000000059eef770
0x0000000059eef710:   0000000000000001 0000000057710498
0x0000000059eef720:   00003b656c003b74 000000006b8553b3
0x0000000059eef730:   0000000059eef860 0000000000000001
0x0000000059eef740:   0000000000000001 0000000057710498
0x0000000059eef750:   0000000000000009 0000000000000000
0x0000000059eef760:   0000000000000000 0000000000000000
0x0000000059eef770:   0000000000000001 000000006b855571 

Instructions: (pc=0x000000007244a6a5)
0x000000007244a685:   cc cc cc cc cc cc cc cc cc cc cc 48 83 ec 28 48
0x000000007244a695:   85 c9 75 07 33 c0 48 83 c4 28 c3 48 89 5c 24 20
0x000000007244a6a5:   48 8b 19 48 85 db 74 20 48 83 fb 37 74 1a 48 8b
0x000000007244a6b5:   13 48 8b cb ff 52 10 84 c0 74 0d 48 8b c3 48 8b 


Register to memory mapping:

RAX=0x0000000059eef601 is pointing into the stack for thread: 0x00000000587d3800
RBX=0x00000000587d3800 is a thread
RCX=0x00003b656c003b74 is an unknown value
RDX=0x0000000000000000 is an unknown value
RSP=0x0000000059eef680 is pointing into the stack for thread: 0x00000000587d3800
RBP=0x00003b656c003b74 is an unknown value
RSI=0x0000000059eef798 is pointing into the stack for thread: 0x00000000587d3800
RDI=0x0000000001e09d30 is an unknown value
R8 =0x00000000587d3800 is a thread
R9 =0x0000000000000700 is an unknown value
R10=0x0000000000000000 is an unknown value
R11=0x000000aa00060001 is an unknown value
R12=0x0000000000000000 is an unknown value
R13=0x00000000587ccbe8 is an unknown value
R14=0x0000000000000000 is an unknown value
R15=0x0000000000000000 is an unknown value


Stack: [0x0000000059df0000,0x0000000059ef0000],  sp=0x0000000059eef680,  free space=1021k
Native frames: (J=compiled Java code, j=interpreted, Vv=VM code, C=native code)
V  [jvm.dll+0x11a6a5]
V  [jvm.dll+0x33447d]
C  [jdwp.dll+0x21a09]
C  [jdwp.dll+0x53b3]
C  [jdwp.dll+0x5571]
C  [jdwp.dll+0xf09c]
C  [jdwp.dll+0x1f2c9]
C  [jdwp.dll+0x1f49e]
V  [jvm.dll+0x1ac128]
V  [jvm.dll+0x22c194]
V  [jvm.dll+0x28576a]
C  [msvcr100.dll+0x21d9f]
C  [msvcr100.dll+0x21e3b]
C  [kernel32.dll+0x159cd]
C  [ntdll.dll+0x2b981]


---------------  P R O C E S S  ---------------

Java Threads: ( => current thread )
  0x0000000058874000 JavaThread "Service Thread" daemon [_thread_blocked, id=6132, stack(0x000000005a810000,0x000000005a910000)]
  0x0000000058806000 JavaThread "C1 CompilerThread3" daemon [_thread_blocked, id=5864, stack(0x0000000059ff0000,0x000000005a0f0000)]
  0x00000000587f5000 JavaThread "C2 CompilerThread2" daemon [_thread_blocked, id=732, stack(0x000000005aaf0000,0x000000005abf0000)]
  0x00000000587ee800 JavaThread "C2 CompilerThread1" daemon [_thread_blocked, id=6080, stack(0x000000005a950000,0x000000005aa50000)]
  0x00000000587e6800 JavaThread "C2 CompilerThread0" daemon [_thread_blocked, id=1612, stack(0x000000005a690000,0x000000005a790000)]
  0x00000000587e5800 JavaThread "JDWP Command Reader" daemon [_thread_in_native, id=10088, stack(0x000000005a420000,0x000000005a520000)]
  0x00000000587da800 JavaThread "JDWP Event Helper Thread" daemon [_thread_blocked, id=6196, stack(0x000000005a240000,0x000000005a340000)]
=>0x00000000587d3800 JavaThread "JDWP Transport Listener: dt_socket" daemon [_thread_in_vm, id=6800, stack(0x0000000059df0000,0x0000000059ef0000)]
  0x00000000587c1800 JavaThread "Attach Listener" daemon [_thread_blocked, id=4500, stack(0x0000000059cf0000,0x0000000059df0000)]
  0x000000005771f800 JavaThread "Signal Dispatcher" daemon [_thread_blocked, id=7932, stack(0x00000000596e0000,0x00000000597e0000)]
  0x000000005770a000 JavaThread "Finalizer" daemon [_thread_blocked, id=10228, stack(0x0000000059b70000,0x0000000059c70000)]
  0x0000000057703800 JavaThread "Reference Handler" daemon [_thread_blocked, id=2568, stack(0x00000000599c0000,0x0000000059ac0000)]
  0x0000000001d68000 JavaThread "main" [_thread_in_native, id=7000, stack(0x0000000001e30000,0x0000000001f30000)]

Other Threads:
  0x0000000058772000 VMThread [stack: 0x00000000598b0000,0x00000000599b0000] [id=5220]
  0x0000000058875000 WatcherThread [stack: 0x000000005ad80000,0x000000005ae80000] [id=4968]

VM state:not at safepoint (normal execution)

VM Mutex/Monitor currently owned by a thread: None

Heap:
 PSYoungGen      total 38400K, used 3328K [0x00000000d5d80000, 0x00000000d8800000, 0x0000000100000000)
  eden space 33280K, 10% used [0x00000000d5d80000,0x00000000d60c0128,0x00000000d7e00000)
  from space 5120K, 0% used [0x00000000d8300000,0x00000000d8300000,0x00000000d8800000)
  to   space 5120K, 0% used [0x00000000d7e00000,0x00000000d7e00000,0x00000000d8300000)
 ParOldGen       total 87552K, used 0K [0x0000000081800000, 0x0000000086d80000, 0x00000000d5d80000)
  object space 87552K, 0% used [0x0000000081800000,0x0000000081800000,0x0000000086d80000)
 Metaspace       used 3191K, capacity 4490K, committed 4864K, reserved 1056768K
  class space    used 371K, capacity 386K, committed 512K, reserved 1048576K

Card table byte_map: [0x0000000011700000,0x0000000011b00000] byte_map_base: 0x00000000112f4000

Marking Bits: (ParMarkBitMap*) 0x0000000072b0d4f0
 Begin Bits: [0x00000000129e0000, 0x0000000014980000)
 End Bits:   [0x0000000014980000, 0x0000000016920000)

Polling page: 0x0000000000120000

CodeCache: size=245760Kb used=1173Kb max_used=1173Kb free=244586Kb
 bounds [0x0000000002340000, 0x00000000025b0000, 0x0000000011340000]
 total_blobs=287 nmethods=60 adapters=149
 compilation: enabled

Compilation events (10 events):
Event: 0.116 Thread 0x0000000058806000   55       3       java.util.regex.ASCII::isAscii (13 bytes)
Event: 0.116 Thread 0x0000000058806000 nmethod 55 0x0000000002464490 code [0x00000000024645e0, 0x0000000002464770]
Event: 0.116 Thread 0x0000000058806000   57       3       java.lang.Character::isBmpCodePoint (13 bytes)
Event: 0.116 Thread 0x0000000058806000 nmethod 57 0x00000000024647d0 code [0x0000000002464920, 0x0000000002464ab0]
Event: 0.116 Thread 0x0000000058806000   58       3       java.util.regex.Pattern::next (33 bytes)
Event: 0.116 Thread 0x0000000058806000 nmethod 58 0x0000000002464b10 code [0x0000000002464c80, 0x0000000002464f48]
Event: 0.116 Thread 0x0000000058806000   59       1       java.util.regex.Pattern::flags (5 bytes)
Event: 0.116 Thread 0x0000000058806000 nmethod 59 0x0000000002465090 code [0x00000000024651e0, 0x00000000024652f0]
Event: 0.116 Thread 0x0000000058806000   60       3       java.lang.Math::min (11 bytes)
Event: 0.116 Thread 0x0000000058806000 nmethod 60 0x0000000002465350 code [0x00000000024654a0, 0x0000000002465630]

GC Heap History (0 events):
No events

Deoptimization events (0 events):
No events

Internal exceptions (9 events):
Event: 0.024 Thread 0x0000000001d68000 Exception <a 'java/lang/NoSuchMethodError': Method sun.misc.Unsafe.defineClass(Ljava/lang/String;[BII)Ljava/lang/Class; name or signature does not match> (0x00000000d5d8c738) thrown at [C:\workspace\8-2-build-windows-amd64-cygwin\jdk8u31\2394\hotspot\src\sL$-ºÀn˜?
Event: 0.024 Thread 0x0000000001d68000 Exception <a 'java/lang/NoSuchMethodError': Method sun.misc.Unsafe.prefetchRead(Ljava/lang/Object;J)V name or signature does not match> (0x00000000d5d8c9c8) thrown at [C:\workspace\8-2-build-windows-amd64-cygwin\jdk8u31\2394\hotspot\src\share\vm\prims\jni.=næw¸´?
Event: 0.081 Thread 0x0000000001d68000 Exception <a 'java/security/PrivilegedActionException'> (0x00000000d5ddf8e0) thrown at [C:\workspace\8-2-build-windows-amd64-cygwin\jdk8u31\2394\hotspot\src\share\vm\prims\jvm.cpp, line 1312]
Event: 0.103 Thread 0x0000000001d68000 Exception <a 'java/security/PrivilegedActionException'> (0x00000000d5e09140) thrown at [C:\workspace\8-2-build-windows-amd64-cygwin\jdk8u31\2394\hotspot\src\share\vm\prims\jvm.cpp, line 1312]
Event: 0.103 Thread 0x0000000001d68000 Exception <a 'java/security/PrivilegedActionException'> (0x00000000d5e09488) thrown at [C:\workspace\8-2-build-windows-amd64-cygwin\jdk8u31\2394\hotspot\src\share\vm\prims\jvm.cpp, line 1312]
Event: 0.104 Thread 0x0000000001d68000 Exception <a 'java/security/PrivilegedActionException'> (0x00000000d5e0d110) thrown at [C:\workspace\8-2-build-windows-amd64-cygwin\jdk8u31\2394\hotspot\src\share\vm\prims\jvm.cpp, line 1312]
Event: 0.104 Thread 0x0000000001d68000 Exception <a 'java/security/PrivilegedActionException'> (0x00000000d5e0d458) thrown at [C:\workspace\8-2-build-windows-amd64-cygwin\jdk8u31\2394\hotspot\src\share\vm\prims\jvm.cpp, line 1312]
Event: 0.113 Thread 0x0000000001d68000 Exception <a 'java/security/PrivilegedActionException'> (0x00000000d5e23268) thrown at [C:\workspace\8-2-build-windows-amd64-cygwin\jdk8u31\2394\hotspot\src\share\vm\prims\jvm.cpp, line 1312]
Event: 0.113 Thread 0x0000000001d68000 Exception <a 'java/security/PrivilegedActionException'> (0x00000000d5e24588) thrown at [C:\workspace\8-2-build-windows-amd64-cygwin\jdk8u31\2394\hotspot\src\share\vm\prims\jvm.cpp, line 1312]

Events (10 events):
Event: 7.174 Executing VM operation: ChangeBreakpoints
Event: 7.174 Executing VM operation: ChangeBreakpoints done
Event: 7.176 Executing VM operation: ChangeBreakpoints
Event: 7.176 Executing VM operation: ChangeBreakpoints done
Event: 201.214 Executing VM operation: RedefineClasses
Event: 201.214 Executing VM operation: RedefineClasses done
Event: 201.218 Executing VM operation: ChangeBreakpoints
Event: 201.218 Executing VM operation: ChangeBreakpoints done
Event: 442.406 Executing VM operation: RedefineClasses
Event: 442.406 Executing VM operation: RedefineClasses done


Dynamic libraries:
0x000000013fcd0000 - 0x000000013fd04000 	C:\Program Files\Java\jre1.8.0_31\bin\javaw.exe
0x0000000077730000 - 0x00000000778d9000 	C:\Windows\SYSTEM32\ntdll.dll
0x0000000077610000 - 0x000000007772f000 	C:\Windows\system32\kernel32.dll
0x000007fefc3c0000 - 0x000007fefc42c000 	C:\Windows\system32\KERNELBASE.dll
0x000007fefe720000 - 0x000007fefe7fb000 	C:\Windows\system32\ADVAPI32.dll
0x000007fefe0b0000 - 0x000007fefe14f000 	C:\Windows\system32\msvcrt.dll
0x000007fefd8e0000 - 0x000007fefd8ff000 	C:\Windows\SYSTEM32\sechost.dll
0x000007fefdf80000 - 0x000007fefe0ad000 	C:\Windows\system32\RPCRT4.dll
0x0000000077510000 - 0x000000007760a000 	C:\Windows\system32\USER32.dll
0x000007fefdd70000 - 0x000007fefddd7000 	C:\Windows\system32\GDI32.dll
0x000007fefdd60000 - 0x000007fefdd6e000 	C:\Windows\system32\LPK.dll
0x000007fefdeb0000 - 0x000007fefdf79000 	C:\Windows\system32\USP10.dll
0x000007fefa870000 - 0x000007fefaa64000 	C:\Windows\WinSxS\amd64_microsoft.windows.common-controls_6595b64144ccf1df_6.0.7601.18837_none_fa3b1e3d17594757\COMCTL32.dll
0x000007fefd7d0000 - 0x000007fefd841000 	C:\Windows\system32\SHLWAPI.dll
0x000007fefde80000 - 0x000007fefdeae000 	C:\Windows\system32\IMM32.DLL
0x000007fefc660000 - 0x000007fefc769000 	C:\Windows\system32\MSCTF.dll
0x000007fef6450000 - 0x000007fef64dd000 	C:\Program Files (x86)\AVG\AVG2015\avghooka.dll
0x000000006a9f0000 - 0x000000006aac2000 	C:\Program Files\Java\jre1.8.0_31\bin\msvcr100.dll
0x0000000072330000 - 0x0000000072b8a000 	C:\Program Files\Java\jre1.8.0_31\bin\server\jvm.dll
0x000007fef7100000 - 0x000007fef7109000 	C:\Windows\system32\WSOCK32.dll
0x000007fefd900000 - 0x000007fefd94d000 	C:\Windows\system32\WS2_32.dll
0x000007fefd850000 - 0x000007fefd858000 	C:\Windows\system32\NSI.dll
0x000007fef9e70000 - 0x000007fef9eab000 	C:\Windows\system32\WINMM.dll
0x0000000077900000 - 0x0000000077907000 	C:\Windows\system32\PSAPI.DLL
0x000000006c640000 - 0x000000006c64f000 	C:\Program Files\Java\jre1.8.0_31\bin\verify.dll
0x000000006b820000 - 0x000000006b848000 	C:\Program Files\Java\jre1.8.0_31\bin\java.dll
0x000000006b850000 - 0x000000006b885000 	C:\Program Files\Java\jre1.8.0_31\bin\jdwp.dll
0x000000006c540000 - 0x000000006c548000 	C:\Program Files\Java\jre1.8.0_31\bin\npt.dll
0x000000006b280000 - 0x000000006b296000 	C:\Program Files\Java\jre1.8.0_31\bin\zip.dll
0x000007fefca40000 - 0x000007fefd7c9000 	C:\Windows\system32\SHELL32.dll
0x000007fefe150000 - 0x000007fefe353000 	C:\Windows\system32\ole32.dll
0x000007fefc2a0000 - 0x000007fefc2af000 	C:\Windows\system32\profapi.dll
0x000000006c1a0000 - 0x000000006c1a9000 	C:\Program Files\Java\jre1.8.0_31\bin\dt_socket.dll
0x000007fef9ca0000 - 0x000007fef9cb5000 	C:\Windows\system32\NLAapi.dll
0x000007fef6410000 - 0x000007fef6425000 	C:\Windows\system32\napinsp.dll
0x000007fef63f0000 - 0x000007fef6409000 	C:\Windows\system32\pnrpnsp.dll
0x000007fefba20000 - 0x000007fefba75000 	C:\Windows\System32\mswsock.dll
0x000007fefb8a0000 - 0x000007fefb8fb000 	C:\Windows\system32\DNSAPI.dll
0x000007fef63e0000 - 0x000007fef63eb000 	C:\Windows\System32\winrnr.dll
0x000007fef8d30000 - 0x000007fef8d57000 	C:\Windows\system32\IPHLPAPI.DLL
0x000007fef8d20000 - 0x000007fef8d2b000 	C:\Windows\system32\WINNSI.DLL
0x000007fef8800000 - 0x000007fef8853000 	C:\Windows\System32\fwpuclnt.dll
0x000007fef5980000 - 0x000007fef5988000 	C:\Windows\system32\rasadhlp.dll
0x000007fefb460000 - 0x000007fefb467000 	C:\Windows\System32\wshtcpip.dll
0x000007fef94c0000 - 0x000007fef95e5000 	C:\Windows\system32\dbghelp.dll

VM Arguments:
jvm_args: -agentlib:jdwp=transport=dt_socket,suspend=y,address=localhost:59816 -Dfile.encoding=Cp1252 
java_command: hackerank.algorithms.sorting.IntroFindIndexOfNumber
java_class_path (initial): D:\workspace\SandeepSadanandKulkarni\github-projects\HackerRank\bin
Launcher Type: SUN_STANDARD

Environment Variables:
JAVA_HOME=C:\Program Files\Java\jdk1.8.0_31
PATH=C:/Program Files/Java/jre1.8.0_31/bin/server;C:/Program Files/Java/jre1.8.0_31/bin;C:/Program Files/Java/jre1.8.0_31/lib/amd64;C:\ProgramData\Oracle\Java\javapath;C:\Windows\system32;C:\Windows;C:\Windows\System32\Wbem;C:\Windows\System32\WindowsPowerShell\v1.0\;C:\Program Files\Intel\WiFi\bin\;C:\Program Files\Common Files\Intel\WirelessCommon\;C:\Program Files\Microsoft SQL Server\110\Tools\Binn\;C:\Program Files (x86)\Microsoft SDKs\TypeScript\1.0\;C:\Program Files\Microsoft SQL Server\120\Tools\Binn\;C:\Program Files (x86)\MySQL\MySQL Fabric 1.5.4 & MySQL Utilities 1.5.4 1.5\;C:\Program Files (x86)\MySQL\MySQL Fabric 1.5.4 & MySQL Utilities 1.5.4 1.5\Doctrine extensions for PHP\;C:\Program Files\TortoiseSVN\bin;C:\Program Files\Java\jdk1.8.0_31\bin;C:\Program Files (x86)\Windows Kits\8.1\Windows Performance Toolkit\;C:\Program Files\Intel\WiFi\bin\;C:\Program Files\Common Files\Intel\WirelessCommon\;D:\Softwares\eclipse;
USERNAME=sandeep kulkarni
OS=Windows_NT
PROCESSOR_IDENTIFIER=Intel64 Family 6 Model 58 Stepping 9, GenuineIntel



---------------  S Y S T E M  ---------------

OS: Windows 7 , 64 bit Build 7601 Service Pack 1

CPU:total 8 (4 cores per cpu, 2 threads per core) family 6 model 58 stepping 9, cmov, cx8, fxsr, mmx, sse, sse2, sse3, ssse3, sse4.1, sse4.2, popcnt, avx, aes, clmul, erms, ht, tsc, tscinvbit, tscinv

Memory: 4k page, physical 8288620k(4993816k free), swap 16575404k(10817180k free)

vm_info: Java HotSpot(TM) 64-Bit Server VM (25.31-b07) for windows-amd64 JRE (1.8.0_31-b13), built on Dec 17 2014 21:00:28 by "java_re" with MS VC++ 10.0 (VS2010)

time: Mon Jun 15 20:34:55 2015
elapsed time: 442 seconds (0d 0h 7m 22s)

