#
# A fatal error has been detected by the Java Runtime Environment:
#
#  EXCEPTION_ACCESS_VIOLATION (0xc0000005) at pc=0x000000007244a6a5, pid=9740, tid=8980
#
# JRE version: Java(TM) SE Runtime Environment (8.0_31-b13) (build 1.8.0_31-b13)
# Java VM: Java HotSpot(TM) 64-Bit Server VM (25.31-b07 mixed mode windows-amd64 compressed oops)
# Problematic frame:
# V  [jvm.dll+0x11a6a5]
#
# Failed to write core dump. Minidumps are not enabled by default on client versions of Windows
#
# If you would like to submit a bug report, please visit:
#   http://bugreport.java.com/bugreport/crash.jsp
#

---------------  T H R E A D  ---------------

Current thread (0x00000000585c9800):  JavaThread "JDWP Transport Listener: dt_socket" daemon [_thread_in_vm, id=8980, stack(0x0000000059f60000,0x000000005a060000)]

siginfo: ExceptionCode=0xc0000005, reading address 0x00003b656c003b74

Registers:
RAX=0x000000005a05f901, RBX=0x00000000585c9800, RCX=0x00003b656c003b74, RDX=0x0000000000000000
RSP=0x000000005a05f8c0, RBP=0x00003b656c003b74, RSI=0x000000005a05f9d8, RDI=0x0000000001df9d30
R8 =0x00000000585c9800, R9 =0x0000000000000700, R10=0x0000000000000000, R11=0x000000ae00060001
R12=0x0000000000000000, R13=0x00000000585d1228, R14=0x0000000000000000, R15=0x0000000000000000
RIP=0x000000007244a6a5, EFLAGS=0x0000000000010206

Top of Stack: (sp=0x000000005a05f8c0)
0x000000005a05f8c0:   00000000585c9800 00000000585c9800
0x000000005a05f8d0:   000000005a05f988 0000000072647c1b
0x000000005a05f8e0:   00000000585c9800 000000007266447d
0x000000005a05f8f0:   0000000000000000 000000006b869149
0x000000005a05f900:   000000005761d328 000000006b872912
0x000000005a05f910:   00000000585c9800 0000000000000000
0x000000005a05f920:   0000000000000000 0000000000000000
0x000000005a05f930:   00003b656c003b74 000000006b871a09
0x000000005a05f940:   000000005a05f9d8 000000005a05f9b0
0x000000005a05f950:   0000000000000001 000000005761d328
0x000000005a05f960:   00003b656c003b74 000000006b8553b3
0x000000005a05f970:   000000005a05faa0 0000000000000001
0x000000005a05f980:   0000000000000001 000000005761d328
0x000000005a05f990:   0000000000000009 0000000000000000
0x000000005a05f9a0:   0000000000000000 0000000000000000
0x000000005a05f9b0:   0000000000000001 000000006b855571 

Instructions: (pc=0x000000007244a6a5)
0x000000007244a685:   cc cc cc cc cc cc cc cc cc cc cc 48 83 ec 28 48
0x000000007244a695:   85 c9 75 07 33 c0 48 83 c4 28 c3 48 89 5c 24 20
0x000000007244a6a5:   48 8b 19 48 85 db 74 20 48 83 fb 37 74 1a 48 8b
0x000000007244a6b5:   13 48 8b cb ff 52 10 84 c0 74 0d 48 8b c3 48 8b 


Register to memory mapping:

RAX=0x000000005a05f901 is pointing into the stack for thread: 0x00000000585c9800
RBX=0x00000000585c9800 is a thread
RCX=0x00003b656c003b74 is an unknown value
RDX=0x0000000000000000 is an unknown value
RSP=0x000000005a05f8c0 is pointing into the stack for thread: 0x00000000585c9800
RBP=0x00003b656c003b74 is an unknown value
RSI=0x000000005a05f9d8 is pointing into the stack for thread: 0x00000000585c9800
RDI=0x0000000001df9d30 is an unknown value
R8 =0x00000000585c9800 is a thread
R9 =0x0000000000000700 is an unknown value
R10=0x0000000000000000 is an unknown value
R11=0x000000ae00060001 is an unknown value
R12=0x0000000000000000 is an unknown value
R13=0x00000000585d1228 is an unknown value
R14=0x0000000000000000 is an unknown value
R15=0x0000000000000000 is an unknown value


Stack: [0x0000000059f60000,0x000000005a060000],  sp=0x000000005a05f8c0,  free space=1022k
Native frames: (J=compiled Java code, j=interpreted, Vv=VM code, C=native code)
V  [jvm.dll+0x11a6a5]
V  [jvm.dll+0x33447d]
C  [jdwp.dll+0x21a09]
C  [jdwp.dll+0x53b3]
C  [jdwp.dll+0x5571]
C  [jdwp.dll+0xf09c]
C  [jdwp.dll+0x1f2c9]
C  [jdwp.dll+0x1f49e]
V  [jvm.dll+0x1ac128]
V  [jvm.dll+0x22c194]
V  [jvm.dll+0x28576a]
C  [msvcr100.dll+0x21d9f]
C  [msvcr100.dll+0x21e3b]
C  [kernel32.dll+0x159cd]
C  [ntdll.dll+0x2b981]


---------------  P R O C E S S  ---------------

Java Threads: ( => current thread )
  0x000000005867b800 JavaThread "Service Thread" daemon [_thread_blocked, id=3988, stack(0x000000005ac00000,0x000000005ad00000)]
  0x00000000585f6000 JavaThread "C1 CompilerThread3" daemon [_thread_blocked, id=10156, stack(0x000000005a9b0000,0x000000005aab0000)]
  0x00000000585f5800 JavaThread "C2 CompilerThread2" daemon [_thread_blocked, id=6240, stack(0x000000005a8a0000,0x000000005a9a0000)]
  0x00000000585f2800 JavaThread "C2 CompilerThread1" daemon [_thread_blocked, id=7756, stack(0x000000005a680000,0x000000005a780000)]
  0x00000000585e8800 JavaThread "C2 CompilerThread0" daemon [_thread_blocked, id=9104, stack(0x000000005a4e0000,0x000000005a5e0000)]
  0x00000000585de000 JavaThread "JDWP Command Reader" daemon [_thread_in_native, id=6216, stack(0x000000005a300000,0x000000005a400000)]
  0x00000000585d6800 JavaThread "JDWP Event Helper Thread" daemon [_thread_blocked, id=4708, stack(0x000000005a180000,0x000000005a280000)]
=>0x00000000585c9800 JavaThread "JDWP Transport Listener: dt_socket" daemon [_thread_in_vm, id=8980, stack(0x0000000059f60000,0x000000005a060000)]
  0x00000000585be800 JavaThread "Attach Listener" daemon [_thread_blocked, id=2932, stack(0x0000000059c00000,0x0000000059d00000)]
  0x00000000585bc000 JavaThread "Signal Dispatcher" daemon [_thread_blocked, id=5188, stack(0x00000000594d0000,0x00000000595d0000)]
  0x0000000001cbc000 JavaThread "Finalizer" daemon [_thread_blocked, id=3356, stack(0x0000000059910000,0x0000000059a10000)]
  0x0000000001cbb000 JavaThread "Reference Handler" daemon [_thread_blocked, id=8932, stack(0x00000000597a0000,0x00000000598a0000)]
  0x0000000001c28000 JavaThread "main" [_thread_in_native, id=7204, stack(0x0000000001ec0000,0x0000000001fc0000)]

Other Threads:
  0x0000000058573000 VMThread [stack: 0x0000000059610000,0x0000000059710000] [id=7004]
  0x000000005867e000 WatcherThread [stack: 0x000000005ae10000,0x000000005af10000] [id=4668]

VM state:not at safepoint (normal execution)

VM Mutex/Monitor currently owned by a thread: None

Heap:
 PSYoungGen      total 38400K, used 3328K [0x00000000d5d80000, 0x00000000d8800000, 0x0000000100000000)
  eden space 33280K, 10% used [0x00000000d5d80000,0x00000000d60c00e0,0x00000000d7e00000)
  from space 5120K, 0% used [0x00000000d8300000,0x00000000d8300000,0x00000000d8800000)
  to   space 5120K, 0% used [0x00000000d7e00000,0x00000000d7e00000,0x00000000d8300000)
 ParOldGen       total 87552K, used 0K [0x0000000081800000, 0x0000000086d80000, 0x00000000d5d80000)
  object space 87552K, 0% used [0x0000000081800000,0x0000000081800000,0x0000000086d80000)
 Metaspace       used 3195K, capacity 4494K, committed 4864K, reserved 1056768K
  class space    used 371K, capacity 386K, committed 512K, reserved 1048576K

Card table byte_map: [0x00000000116d0000,0x0000000011ad0000] byte_map_base: 0x00000000112c4000

Marking Bits: (ParMarkBitMap*) 0x0000000072b0d4f0
 Begin Bits: [0x00000000128f0000, 0x0000000014890000)
 End Bits:   [0x0000000014890000, 0x0000000016830000)

Polling page: 0x0000000000220000

CodeCache: size=245760Kb used=1175Kb max_used=1175Kb free=244584Kb
 bounds [0x0000000002310000, 0x0000000002580000, 0x0000000011310000]
 total_blobs=287 nmethods=60 adapters=149
 compilation: enabled

Compilation events (10 events):
Event: 0.123 Thread 0x00000000585f6000   56       3       java.util.regex.ASCII::isAscii (13 bytes)
Event: 0.123 Thread 0x00000000585f6000 nmethod 56 0x0000000002434b90 code [0x0000000002434ce0, 0x0000000002434e70]
Event: 0.123 Thread 0x00000000585f6000   57       3       java.util.regex.Pattern::peek (26 bytes)
Event: 0.124 Thread 0x00000000585f6000 nmethod 57 0x0000000002434ed0 code [0x0000000002435040, 0x0000000002435308]
Event: 0.124 Thread 0x00000000585f6000   58       3       java.lang.Character::isBmpCodePoint (13 bytes)
Event: 0.124 Thread 0x00000000585f6000 nmethod 58 0x0000000002435450 code [0x00000000024355a0, 0x0000000002435730]
Event: 0.124 Thread 0x00000000585f6000   59       3       java.util.regex.Pattern::next (33 bytes)
Event: 0.124 Thread 0x00000000585f6000 nmethod 59 0x0000000002435790 code [0x0000000002435900, 0x0000000002435bc8]
Event: 0.124 Thread 0x00000000585f6000   60       1       java.util.regex.Pattern::flags (5 bytes)
Event: 0.124 Thread 0x00000000585f6000 nmethod 60 0x0000000002435d10 code [0x0000000002435e60, 0x0000000002435f70]

GC Heap History (0 events):
No events

Deoptimization events (0 events):
No events

Internal exceptions (9 events):
Event: 0.028 Thread 0x0000000001c28000 Exception <a 'java/lang/NoSuchMethodError': Method sun.misc.Unsafe.defineClass(Ljava/lang/String;[BII)Ljava/lang/Class; name or signature does not match> (0x00000000d5d8c868) thrown at [C:\workspace\8-2-build-windows-amd64-cygwin\jdk8u31\2394\hotspot\src\sÆôê&Ýœ?
Event: 0.028 Thread 0x0000000001c28000 Exception <a 'java/lang/NoSuchMethodError': Method sun.misc.Unsafe.prefetchRead(Ljava/lang/Object;J)V name or signature does not match> (0x00000000d5d8caf8) thrown at [C:\workspace\8-2-build-windows-amd64-cygwin\jdk8u31\2394\hotspot\src\share\vm\prims\jni.§ä©‘ðn¶?
Event: 0.088 Thread 0x0000000001c28000 Exception <a 'java/security/PrivilegedActionException'> (0x00000000d5ddfa10) thrown at [C:\workspace\8-2-build-windows-amd64-cygwin\jdk8u31\2394\hotspot\src\share\vm\prims\jvm.cpp, line 1312]
Event: 0.111 Thread 0x0000000001c28000 Exception <a 'java/security/PrivilegedActionException'> (0x00000000d5e09270) thrown at [C:\workspace\8-2-build-windows-amd64-cygwin\jdk8u31\2394\hotspot\src\share\vm\prims\jvm.cpp, line 1312]
Event: 0.111 Thread 0x0000000001c28000 Exception <a 'java/security/PrivilegedActionException'> (0x00000000d5e095b8) thrown at [C:\workspace\8-2-build-windows-amd64-cygwin\jdk8u31\2394\hotspot\src\share\vm\prims\jvm.cpp, line 1312]
Event: 0.112 Thread 0x0000000001c28000 Exception <a 'java/security/PrivilegedActionException'> (0x00000000d5e0d240) thrown at [C:\workspace\8-2-build-windows-amd64-cygwin\jdk8u31\2394\hotspot\src\share\vm\prims\jvm.cpp, line 1312]
Event: 0.112 Thread 0x0000000001c28000 Exception <a 'java/security/PrivilegedActionException'> (0x00000000d5e0d588) thrown at [C:\workspace\8-2-build-windows-amd64-cygwin\jdk8u31\2394\hotspot\src\share\vm\prims\jvm.cpp, line 1312]
Event: 0.121 Thread 0x0000000001c28000 Exception <a 'java/security/PrivilegedActionException'> (0x00000000d5e23398) thrown at [C:\workspace\8-2-build-windows-amd64-cygwin\jdk8u31\2394\hotspot\src\share\vm\prims\jvm.cpp, line 1312]
Event: 0.121 Thread 0x0000000001c28000 Exception <a 'java/security/PrivilegedActionException'> (0x00000000d5e246b8) thrown at [C:\workspace\8-2-build-windows-amd64-cygwin\jdk8u31\2394\hotspot\src\share\vm\prims\jvm.cpp, line 1312]

Events (10 events):
Event: 127.781 Executing VM operation: ChangeBreakpoints
Event: 127.781 Executing VM operation: ChangeBreakpoints done
Event: 127.782 Executing VM operation: ChangeBreakpoints
Event: 127.782 Executing VM operation: ChangeBreakpoints done
Event: 321.816 Executing VM operation: RedefineClasses
Event: 321.817 Executing VM operation: RedefineClasses done
Event: 321.820 Executing VM operation: ChangeBreakpoints
Event: 321.820 Executing VM operation: ChangeBreakpoints done
Event: 562.981 Executing VM operation: RedefineClasses
Event: 562.982 Executing VM operation: RedefineClasses done


Dynamic libraries:
0x000000013fcd0000 - 0x000000013fd04000 	C:\Program Files\Java\jre1.8.0_31\bin\javaw.exe
0x0000000077730000 - 0x00000000778d9000 	C:\Windows\SYSTEM32\ntdll.dll
0x0000000077610000 - 0x000000007772f000 	C:\Windows\system32\kernel32.dll
0x000007fefc3c0000 - 0x000007fefc42c000 	C:\Windows\system32\KERNELBASE.dll
0x000007fefe720000 - 0x000007fefe7fb000 	C:\Windows\system32\ADVAPI32.dll
0x000007fefe0b0000 - 0x000007fefe14f000 	C:\Windows\system32\msvcrt.dll
0x000007fefd8e0000 - 0x000007fefd8ff000 	C:\Windows\SYSTEM32\sechost.dll
0x000007fefdf80000 - 0x000007fefe0ad000 	C:\Windows\system32\RPCRT4.dll
0x0000000077510000 - 0x000000007760a000 	C:\Windows\system32\USER32.dll
0x000007fefdd70000 - 0x000007fefddd7000 	C:\Windows\system32\GDI32.dll
0x000007fefdd60000 - 0x000007fefdd6e000 	C:\Windows\system32\LPK.dll
0x000007fefdeb0000 - 0x000007fefdf79000 	C:\Windows\system32\USP10.dll
0x000007fefa870000 - 0x000007fefaa64000 	C:\Windows\WinSxS\amd64_microsoft.windows.common-controls_6595b64144ccf1df_6.0.7601.18837_none_fa3b1e3d17594757\COMCTL32.dll
0x000007fefd7d0000 - 0x000007fefd841000 	C:\Windows\system32\SHLWAPI.dll
0x000007fefde80000 - 0x000007fefdeae000 	C:\Windows\system32\IMM32.DLL
0x000007fefc660000 - 0x000007fefc769000 	C:\Windows\system32\MSCTF.dll
0x000007fef6450000 - 0x000007fef64dd000 	C:\Program Files (x86)\AVG\AVG2015\avghooka.dll
0x000000006a9f0000 - 0x000000006aac2000 	C:\Program Files\Java\jre1.8.0_31\bin\msvcr100.dll
0x0000000072330000 - 0x0000000072b8a000 	C:\Program Files\Java\jre1.8.0_31\bin\server\jvm.dll
0x000007fef7100000 - 0x000007fef7109000 	C:\Windows\system32\WSOCK32.dll
0x000007fefd900000 - 0x000007fefd94d000 	C:\Windows\system32\WS2_32.dll
0x000007fefd850000 - 0x000007fefd858000 	C:\Windows\system32\NSI.dll
0x000007fef9e70000 - 0x000007fef9eab000 	C:\Windows\system32\WINMM.dll
0x0000000077900000 - 0x0000000077907000 	C:\Windows\system32\PSAPI.DLL
0x000000006c640000 - 0x000000006c64f000 	C:\Program Files\Java\jre1.8.0_31\bin\verify.dll
0x000000006b820000 - 0x000000006b848000 	C:\Program Files\Java\jre1.8.0_31\bin\java.dll
0x000000006b850000 - 0x000000006b885000 	C:\Program Files\Java\jre1.8.0_31\bin\jdwp.dll
0x000000006c540000 - 0x000000006c548000 	C:\Program Files\Java\jre1.8.0_31\bin\npt.dll
0x000000006b280000 - 0x000000006b296000 	C:\Program Files\Java\jre1.8.0_31\bin\zip.dll
0x000007fefca40000 - 0x000007fefd7c9000 	C:\Windows\system32\SHELL32.dll
0x000007fefe150000 - 0x000007fefe353000 	C:\Windows\system32\ole32.dll
0x000007fefc2a0000 - 0x000007fefc2af000 	C:\Windows\system32\profapi.dll
0x000000006c1a0000 - 0x000000006c1a9000 	C:\Program Files\Java\jre1.8.0_31\bin\dt_socket.dll
0x000007fef9ca0000 - 0x000007fef9cb5000 	C:\Windows\system32\NLAapi.dll
0x000007fef6410000 - 0x000007fef6425000 	C:\Windows\system32\napinsp.dll
0x000007fef63f0000 - 0x000007fef6409000 	C:\Windows\system32\pnrpnsp.dll
0x000007fefba20000 - 0x000007fefba75000 	C:\Windows\System32\mswsock.dll
0x000007fefb8a0000 - 0x000007fefb8fb000 	C:\Windows\system32\DNSAPI.dll
0x000007fef63e0000 - 0x000007fef63eb000 	C:\Windows\System32\winrnr.dll
0x000007fef8d30000 - 0x000007fef8d57000 	C:\Windows\system32\IPHLPAPI.DLL
0x000007fef8d20000 - 0x000007fef8d2b000 	C:\Windows\system32\WINNSI.DLL
0x000007fef8800000 - 0x000007fef8853000 	C:\Windows\System32\fwpuclnt.dll
0x000007fef5980000 - 0x000007fef5988000 	C:\Windows\system32\rasadhlp.dll
0x000007fefb460000 - 0x000007fefb467000 	C:\Windows\System32\wshtcpip.dll
0x000007fef94c0000 - 0x000007fef95e5000 	C:\Windows\system32\dbghelp.dll

VM Arguments:
jvm_args: -agentlib:jdwp=transport=dt_socket,suspend=y,address=localhost:59771 -Dfile.encoding=Cp1252 
java_command: hackerank.algorithms.sorting.IntroFindIndexOfNumber
java_class_path (initial): D:\workspace\SandeepSadanandKulkarni\github-projects\HackerRank\bin
Launcher Type: SUN_STANDARD

Environment Variables:
JAVA_HOME=C:\Program Files\Java\jdk1.8.0_31
PATH=C:/Program Files/Java/jre1.8.0_31/bin/server;C:/Program Files/Java/jre1.8.0_31/bin;C:/Program Files/Java/jre1.8.0_31/lib/amd64;C:\ProgramData\Oracle\Java\javapath;C:\Windows\system32;C:\Windows;C:\Windows\System32\Wbem;C:\Windows\System32\WindowsPowerShell\v1.0\;C:\Program Files\Intel\WiFi\bin\;C:\Program Files\Common Files\Intel\WirelessCommon\;C:\Program Files\Microsoft SQL Server\110\Tools\Binn\;C:\Program Files (x86)\Microsoft SDKs\TypeScript\1.0\;C:\Program Files\Microsoft SQL Server\120\Tools\Binn\;C:\Program Files (x86)\MySQL\MySQL Fabric 1.5.4 & MySQL Utilities 1.5.4 1.5\;C:\Program Files (x86)\MySQL\MySQL Fabric 1.5.4 & MySQL Utilities 1.5.4 1.5\Doctrine extensions for PHP\;C:\Program Files\TortoiseSVN\bin;C:\Program Files\Java\jdk1.8.0_31\bin;C:\Program Files (x86)\Windows Kits\8.1\Windows Performance Toolkit\;C:\Program Files\Intel\WiFi\bin\;C:\Program Files\Common Files\Intel\WirelessCommon\;D:\Softwares\eclipse;
USERNAME=sandeep kulkarni
OS=Windows_NT
PROCESSOR_IDENTIFIER=Intel64 Family 6 Model 58 Stepping 9, GenuineIntel



---------------  S Y S T E M  ---------------

OS: Windows 7 , 64 bit Build 7601 Service Pack 1

CPU:total 8 (4 cores per cpu, 2 threads per core) family 6 model 58 stepping 9, cmov, cx8, fxsr, mmx, sse, sse2, sse3, ssse3, sse4.1, sse4.2, popcnt, avx, aes, clmul, erms, ht, tsc, tscinvbit, tscinv

Memory: 4k page, physical 8288620k(4984336k free), swap 16575404k(10569356k free)

vm_info: Java HotSpot(TM) 64-Bit Server VM (25.31-b07) for windows-amd64 JRE (1.8.0_31-b13), built on Dec 17 2014 21:00:28 by "java_re" with MS VC++ 10.0 (VS2010)

time: Mon Jun 15 20:34:55 2015
elapsed time: 563 seconds (0d 0h 9m 23s)

